#! /usr/bin/vvp
:ivl_version "11.0 (stable)";
:ivl_delay_selection "TYPICAL";
:vpi_time_precision + 0;
:vpi_module "/usr/lib/x86_64-linux-gnu/ivl/system.vpi";
:vpi_module "/usr/lib/x86_64-linux-gnu/ivl/vhdl_sys.vpi";
:vpi_module "/usr/lib/x86_64-linux-gnu/ivl/vhdl_textio.vpi";
:vpi_module "/usr/lib/x86_64-linux-gnu/ivl/v2005_math.vpi";
:vpi_module "/usr/lib/x86_64-linux-gnu/ivl/va_math.vpi";
S_0x55946c43db70 .scope module, "testbench" "testbench" 2 41;
 .timescale 0 0;
v0x55946c46e340_0 .var "A", 0 0;
v0x55946c46e3e0_0 .var "A_4bit", 3 0;
v0x55946c46e480_0 .var "B", 0 0;
v0x55946c46e520_0 .var "BIN", 0 0;
v0x55946c46e5f0_0 .net "BOUT", 0 0, L_0x55946c46ecb0;  1 drivers
v0x55946c46e6e0_0 .var "B_4bit", 3 0;
v0x55946c46e7b0_0 .net "D", 0 0, L_0x55946c46ee60;  1 drivers
v0x55946c46e880_0 .net "D_4bit", 3 0, L_0x55946c470b80;  1 drivers
S_0x55946c449d50 .scope begin, "$ivl_for_loop0" "$ivl_for_loop0" 2 66, 2 66 0, S_0x55946c43db70;
 .timescale 0 0;
v0x55946c43eb30_0 .var/i "i", 31 0;
S_0x55946c46a810 .scope module, "UUT0" "full_subtractor" 2 60, 2 1 0, S_0x55946c43db70;
 .timescale 0 0;
    .port_info 0 /OUTPUT 1 "BOUT";
    .port_info 1 /OUTPUT 1 "D";
    .port_info 2 /INPUT 1 "A";
    .port_info 3 /INPUT 1 "B";
    .port_info 4 /INPUT 1 "BIN";
L_0x55946c46e950 .functor NOT 1, v0x55946c46e340_0, C4<0>, C4<0>, C4<0>;
L_0x55946c46ea40 .functor AND 1, L_0x55946c46e950, v0x55946c46e520_0, C4<1>, C4<1>;
L_0x55946c46eb50 .functor AND 1, L_0x55946c46e950, v0x55946c46e480_0, C4<1>, C4<1>;
L_0x55946c46ec10 .functor AND 1, v0x55946c46e480_0, v0x55946c46e520_0, C4<1>, C4<1>;
L_0x55946c46ecb0 .functor OR 1, L_0x55946c46ea40, L_0x55946c46eb50, L_0x55946c46ec10, C4<0>;
L_0x55946c46ee60 .functor XOR 1, v0x55946c46e340_0, v0x55946c46e480_0, v0x55946c46e520_0, C4<0>;
v0x55946c43d3c0_0 .net "A", 0 0, v0x55946c46e340_0;  1 drivers
v0x55946c46aab0_0 .net "B", 0 0, v0x55946c46e480_0;  1 drivers
v0x55946c46ab70_0 .net "BIN", 0 0, v0x55946c46e520_0;  1 drivers
v0x55946c46ac10_0 .net "BOUT", 0 0, L_0x55946c46ecb0;  alias, 1 drivers
v0x55946c46acd0_0 .net "D", 0 0, L_0x55946c46ee60;  alias, 1 drivers
v0x55946c46ade0_0 .net "w0", 0 0, L_0x55946c46e950;  1 drivers
v0x55946c46aea0_0 .net "w1", 0 0, L_0x55946c46ea40;  1 drivers
v0x55946c46af60_0 .net "w2", 0 0, L_0x55946c46eb50;  1 drivers
v0x55946c46b020_0 .net "w3", 0 0, L_0x55946c46ec10;  1 drivers
S_0x55946c46b180 .scope module, "UUT1" "subtractor" 2 61, 2 24 0, S_0x55946c43db70;
 .timescale 0 0;
    .port_info 0 /OUTPUT 4 "D";
    .port_info 1 /INPUT 4 "A";
    .port_info 2 /INPUT 4 "B";
v0x55946c46dd50_0 .net "A", 3 0, v0x55946c46e3e0_0;  1 drivers
v0x55946c46de50_0 .net "B", 3 0, v0x55946c46e6e0_0;  1 drivers
v0x55946c46df30_0 .net "D", 3 0, L_0x55946c470b80;  alias, 1 drivers
v0x55946c46dff0_0 .net "w0", 0 0, L_0x55946c46f2f0;  1 drivers
v0x55946c46e090_0 .net "w1", 0 0, L_0x55946c46fa50;  1 drivers
v0x55946c46e1d0_0 .net "w2", 0 0, L_0x55946c470150;  1 drivers
L_0x55946c46f550 .part v0x55946c46e3e0_0, 0, 1;
L_0x55946c46f640 .part v0x55946c46e6e0_0, 0, 1;
L_0x55946c46fc70 .part v0x55946c46e3e0_0, 1, 1;
L_0x55946c46fd10 .part v0x55946c46e6e0_0, 1, 1;
L_0x55946c4703b0 .part v0x55946c46e3e0_0, 2, 1;
L_0x55946c4704e0 .part v0x55946c46e6e0_0, 2, 1;
L_0x55946c470b80 .concat8 [ 1 1 1 1], L_0x55946c46f450, L_0x55946c46fbb0, L_0x55946c4702b0, L_0x55946c470a80;
L_0x55946c470db0 .part v0x55946c46e3e0_0, 3, 1;
L_0x55946c470ea0 .part v0x55946c46e6e0_0, 3, 1;
S_0x55946c46b360 .scope module, "FS0" "full_subtractor" 2 36, 2 1 0, S_0x55946c46b180;
 .timescale 0 0;
    .port_info 0 /OUTPUT 1 "BOUT";
    .port_info 1 /OUTPUT 1 "D";
    .port_info 2 /INPUT 1 "A";
    .port_info 3 /INPUT 1 "B";
    .port_info 4 /INPUT 1 "BIN";
L_0x55946c46f080 .functor NOT 1, L_0x55946c46f550, C4<0>, C4<0>, C4<0>;
L_0x7f770d689018 .functor BUFT 1, C4<0>, C4<0>, C4<0>, C4<0>;
L_0x55946c46f0f0 .functor AND 1, L_0x55946c46f080, L_0x7f770d689018, C4<1>, C4<1>;
L_0x55946c46f160 .functor AND 1, L_0x55946c46f080, L_0x55946c46f640, C4<1>, C4<1>;
L_0x55946c46f1d0 .functor AND 1, L_0x55946c46f640, L_0x7f770d689018, C4<1>, C4<1>;
L_0x55946c46f2f0 .functor OR 1, L_0x55946c46f0f0, L_0x55946c46f160, L_0x55946c46f1d0, C4<0>;
L_0x55946c46f450 .functor XOR 1, L_0x55946c46f550, L_0x55946c46f640, L_0x7f770d689018, C4<0>;
v0x55946c46b5e0_0 .net "A", 0 0, L_0x55946c46f550;  1 drivers
v0x55946c46b6c0_0 .net "B", 0 0, L_0x55946c46f640;  1 drivers
v0x55946c46b780_0 .net "BIN", 0 0, L_0x7f770d689018;  1 drivers
v0x55946c46b820_0 .net "BOUT", 0 0, L_0x55946c46f2f0;  alias, 1 drivers
v0x55946c46b8e0_0 .net "D", 0 0, L_0x55946c46f450;  1 drivers
v0x55946c46b9f0_0 .net "w0", 0 0, L_0x55946c46f080;  1 drivers
v0x55946c46bab0_0 .net "w1", 0 0, L_0x55946c46f0f0;  1 drivers
v0x55946c46bb70_0 .net "w2", 0 0, L_0x55946c46f160;  1 drivers
v0x55946c46bc30_0 .net "w3", 0 0, L_0x55946c46f1d0;  1 drivers
S_0x55946c46be20 .scope module, "FS1" "full_subtractor" 2 37, 2 1 0, S_0x55946c46b180;
 .timescale 0 0;
    .port_info 0 /OUTPUT 1 "BOUT";
    .port_info 1 /OUTPUT 1 "D";
    .port_info 2 /INPUT 1 "A";
    .port_info 3 /INPUT 1 "B";
    .port_info 4 /INPUT 1 "BIN";
L_0x55946c46f800 .functor NOT 1, L_0x55946c46fc70, C4<0>, C4<0>, C4<0>;
L_0x55946c46f870 .functor AND 1, L_0x55946c46f800, L_0x55946c46f2f0, C4<1>, C4<1>;
L_0x55946c46f970 .functor AND 1, L_0x55946c46f800, L_0x55946c46fd10, C4<1>, C4<1>;
L_0x55946c46f9e0 .functor AND 1, L_0x55946c46fd10, L_0x55946c46f2f0, C4<1>, C4<1>;
L_0x55946c46fa50 .functor OR 1, L_0x55946c46f870, L_0x55946c46f970, L_0x55946c46f9e0, C4<0>;
L_0x55946c46fbb0 .functor XOR 1, L_0x55946c46fc70, L_0x55946c46fd10, L_0x55946c46f2f0, C4<0>;
v0x55946c46c050_0 .net "A", 0 0, L_0x55946c46fc70;  1 drivers
v0x55946c46c110_0 .net "B", 0 0, L_0x55946c46fd10;  1 drivers
v0x55946c46c1d0_0 .net "BIN", 0 0, L_0x55946c46f2f0;  alias, 1 drivers
v0x55946c46c2a0_0 .net "BOUT", 0 0, L_0x55946c46fa50;  alias, 1 drivers
v0x55946c46c340_0 .net "D", 0 0, L_0x55946c46fbb0;  1 drivers
v0x55946c46c430_0 .net "w0", 0 0, L_0x55946c46f800;  1 drivers
v0x55946c46c4f0_0 .net "w1", 0 0, L_0x55946c46f870;  1 drivers
v0x55946c46c5b0_0 .net "w2", 0 0, L_0x55946c46f970;  1 drivers
v0x55946c46c670_0 .net "w3", 0 0, L_0x55946c46f9e0;  1 drivers
S_0x55946c46c860 .scope module, "FS2" "full_subtractor" 2 38, 2 1 0, S_0x55946c46b180;
 .timescale 0 0;
    .port_info 0 /OUTPUT 1 "BOUT";
    .port_info 1 /OUTPUT 1 "D";
    .port_info 2 /INPUT 1 "A";
    .port_info 3 /INPUT 1 "B";
    .port_info 4 /INPUT 1 "BIN";
L_0x55946c46fe70 .functor NOT 1, L_0x55946c4703b0, C4<0>, C4<0>, C4<0>;
L_0x55946c46fee0 .functor AND 1, L_0x55946c46fe70, L_0x55946c46fa50, C4<1>, C4<1>;
L_0x55946c46ffe0 .functor AND 1, L_0x55946c46fe70, L_0x55946c4704e0, C4<1>, C4<1>;
L_0x55946c470080 .functor AND 1, L_0x55946c4704e0, L_0x55946c46fa50, C4<1>, C4<1>;
L_0x55946c470150 .functor OR 1, L_0x55946c46fee0, L_0x55946c46ffe0, L_0x55946c470080, C4<0>;
L_0x55946c4702b0 .functor XOR 1, L_0x55946c4703b0, L_0x55946c4704e0, L_0x55946c46fa50, C4<0>;
v0x55946c46caa0_0 .net "A", 0 0, L_0x55946c4703b0;  1 drivers
v0x55946c46cb60_0 .net "B", 0 0, L_0x55946c4704e0;  1 drivers
v0x55946c46cc20_0 .net "BIN", 0 0, L_0x55946c46fa50;  alias, 1 drivers
v0x55946c46cd20_0 .net "BOUT", 0 0, L_0x55946c470150;  alias, 1 drivers
v0x55946c46cdc0_0 .net "D", 0 0, L_0x55946c4702b0;  1 drivers
v0x55946c46ceb0_0 .net "w0", 0 0, L_0x55946c46fe70;  1 drivers
v0x55946c46cf70_0 .net "w1", 0 0, L_0x55946c46fee0;  1 drivers
v0x55946c46d030_0 .net "w2", 0 0, L_0x55946c46ffe0;  1 drivers
v0x55946c46d0f0_0 .net "w3", 0 0, L_0x55946c470080;  1 drivers
S_0x55946c46d2e0 .scope module, "FS3" "full_subtractor" 2 39, 2 1 0, S_0x55946c46b180;
 .timescale 0 0;
    .port_info 0 /OUTPUT 1 "BOUT";
    .port_info 1 /OUTPUT 1 "D";
    .port_info 2 /INPUT 1 "A";
    .port_info 3 /INPUT 1 "B";
    .port_info 4 /INPUT 1 "BIN";
L_0x55946c4706e0 .functor NOT 1, L_0x55946c470db0, C4<0>, C4<0>, C4<0>;
L_0x55946c470750 .functor AND 1, L_0x55946c4706e0, L_0x55946c470150, C4<1>, C4<1>;
L_0x55946c470850 .functor AND 1, L_0x55946c4706e0, L_0x55946c470ea0, C4<1>, C4<1>;
L_0x55946c4708c0 .functor AND 1, L_0x55946c470ea0, L_0x55946c470150, C4<1>, C4<1>;
L_0x55946c470990 .functor OR 1, L_0x55946c470750, L_0x55946c470850, L_0x55946c4708c0, C4<0>;
L_0x55946c470a80 .functor XOR 1, L_0x55946c470db0, L_0x55946c470ea0, L_0x55946c470150, C4<0>;
v0x55946c46d4f0_0 .net "A", 0 0, L_0x55946c470db0;  1 drivers
v0x55946c46d5d0_0 .net "B", 0 0, L_0x55946c470ea0;  1 drivers
v0x55946c46d690_0 .net "BIN", 0 0, L_0x55946c470150;  alias, 1 drivers
v0x55946c46d790_0 .net "BOUT", 0 0, L_0x55946c470990;  1 drivers
v0x55946c46d830_0 .net "D", 0 0, L_0x55946c470a80;  1 drivers
v0x55946c46d920_0 .net "w0", 0 0, L_0x55946c4706e0;  1 drivers
v0x55946c46d9e0_0 .net "w1", 0 0, L_0x55946c470750;  1 drivers
v0x55946c46daa0_0 .net "w2", 0 0, L_0x55946c470850;  1 drivers
v0x55946c46db60_0 .net "w3", 0 0, L_0x55946c4708c0;  1 drivers
    .scope S_0x55946c43db70;
T_0 ;
    %delay 10000, 0;
    %vpi_call 2 65 "$display", "A_4bit  B_4bit|   D" {0 0 0};
    %fork t_1, S_0x55946c449d50;
    %jmp t_0;
    .scope S_0x55946c449d50;
t_1 ;
    %pushi/vec4 0, 0, 32;
    %store/vec4 v0x55946c43eb30_0, 0, 32;
T_0.0 ;
    %load/vec4 v0x55946c43eb30_0;
    %cmpi/s 256, 0, 32;
    %jmp/0xz T_0.1, 5;
    %load/vec4 v0x55946c43eb30_0;
    %parti/s 8, 0, 2;
    %split/vec4 4;
    %store/vec4 v0x55946c46e6e0_0, 0, 4;
    %store/vec4 v0x55946c46e3e0_0, 0, 4;
    %delay 10, 0;
    %vpi_call 2 68 "$display", " %b    %b | %b", v0x55946c46e3e0_0, v0x55946c46e6e0_0, v0x55946c46e880_0 {0 0 0};
    ; show_stmt_assign_vector: Get l-value for compressed += operand
    %load/vec4 v0x55946c43eb30_0;
    %pushi/vec4 1, 0, 32;
    %add;
    %store/vec4 v0x55946c43eb30_0, 0, 32;
    %jmp T_0.0;
T_0.1 ;
    %end;
    .scope S_0x55946c43db70;
t_0 %join;
    %end;
    .thread T_0;
# The file index is used to find the file name in the following table.
:file_names 3;
    "N/A";
    "<interactive>";
    "bin_sub_TT.v";
