#! /usr/bin/vvp
:ivl_version "11.0 (stable)";
:ivl_delay_selection "TYPICAL";
:vpi_time_precision + 0;
:vpi_module "/usr/lib/x86_64-linux-gnu/ivl/system.vpi";
:vpi_module "/usr/lib/x86_64-linux-gnu/ivl/vhdl_sys.vpi";
:vpi_module "/usr/lib/x86_64-linux-gnu/ivl/vhdl_textio.vpi";
:vpi_module "/usr/lib/x86_64-linux-gnu/ivl/v2005_math.vpi";
:vpi_module "/usr/lib/x86_64-linux-gnu/ivl/va_math.vpi";
S_0x5555f8bbd840 .scope module, "circuit_test" "circuit_test" 2 33;
 .timescale 0 0;
v0x5555f8bd1f60_0 .var "A", 0 0;
v0x5555f8bd2020_0 .var "B", 0 0;
v0x5555f8bd20f0_0 .var "C", 0 0;
v0x5555f8bd21f0_0 .var "D", 0 0;
v0x5555f8bd22c0_0 .net "F", 0 0, L_0x5555f8bd29e0;  1 drivers
S_0x5555f8bbd9d0 .scope begin, "$ivl_for_loop0" "$ivl_for_loop0" 2 49, 2 49 0, S_0x5555f8bbd840;
 .timescale 0 0;
v0x5555f8b83870_0 .var/i "i", 31 0;
S_0x5555f8bd1310 .scope module, "UUT" "circuit" 2 43, 2 1 0, S_0x5555f8bbd840;
 .timescale 0 0;
    .port_info 0 /INPUT 1 "A";
    .port_info 1 /INPUT 1 "B";
    .port_info 2 /INPUT 1 "C";
    .port_info 3 /INPUT 1 "D";
    .port_info 4 /OUTPUT 1 "F";
L_0x5555f8bd2360 .functor AND 1, v0x5555f8bd1f60_0, v0x5555f8bd2020_0, C4<1>, C4<1>;
L_0x5555f8bd24a0 .functor OR 1, L_0x5555f8bd2360, v0x5555f8bd20f0_0, C4<0>, C4<0>;
L_0x5555f8bd25b0 .functor NOT 1, L_0x5555f8bd24a0, C4<0>, C4<0>, C4<0>;
L_0x5555f8bd2670 .functor AND 1, L_0x5555f8bd25b0, v0x5555f8bd21f0_0, C4<1>, C4<1>;
L_0x5555f8bd27b0 .functor AND 1, v0x5555f8bd1f60_0, v0x5555f8bd2020_0, C4<1>, C4<1>;
L_0x5555f8bd2820 .functor OR 1, v0x5555f8bd20f0_0, L_0x5555f8bd27b0, C4<0>, C4<0>;
L_0x5555f8bd2920 .functor OR 1, L_0x5555f8bd2820, v0x5555f8bd21f0_0, C4<0>, C4<0>;
L_0x5555f8bd29e0 .functor AND 1, L_0x5555f8bd2670, L_0x5555f8bd2920, C4<1>, C4<1>;
v0x5555f8bd1590_0 .net "A", 0 0, v0x5555f8bd1f60_0;  1 drivers
v0x5555f8bd1650_0 .net "B", 0 0, v0x5555f8bd2020_0;  1 drivers
v0x5555f8bd1710_0 .net "C", 0 0, v0x5555f8bd20f0_0;  1 drivers
v0x5555f8bd17b0_0 .net "D", 0 0, v0x5555f8bd21f0_0;  1 drivers
v0x5555f8bd1870_0 .net "F", 0 0, L_0x5555f8bd29e0;  alias, 1 drivers
v0x5555f8bd1980_0 .net "w0", 0 0, L_0x5555f8bd2360;  1 drivers
v0x5555f8bd1a40_0 .net "w1", 0 0, L_0x5555f8bd24a0;  1 drivers
v0x5555f8bd1b00_0 .net "w2", 0 0, L_0x5555f8bd25b0;  1 drivers
v0x5555f8bd1bc0_0 .net "w3", 0 0, L_0x5555f8bd2670;  1 drivers
v0x5555f8bd1c80_0 .net "w4", 0 0, L_0x5555f8bd27b0;  1 drivers
v0x5555f8bd1d40_0 .net "w5", 0 0, L_0x5555f8bd2820;  1 drivers
v0x5555f8bd1e00_0 .net "w6", 0 0, L_0x5555f8bd2920;  1 drivers
    .scope S_0x5555f8bbd840;
T_0 ;
    %vpi_call 2 47 "$display", "A B C D | F" {0 0 0};
    %vpi_call 2 48 "$display", "-----------" {0 0 0};
    %fork t_1, S_0x5555f8bbd9d0;
    %jmp t_0;
    .scope S_0x5555f8bbd9d0;
t_1 ;
    %pushi/vec4 0, 0, 32;
    %store/vec4 v0x5555f8b83870_0, 0, 32;
T_0.0 ;
    %load/vec4 v0x5555f8b83870_0;
    %cmpi/s 16, 0, 32;
    %jmp/0xz T_0.1, 5;
    %load/vec4 v0x5555f8b83870_0;
    %parti/s 5, 0, 2;
    %pad/u 4;
    %split/vec4 1;
    %store/vec4 v0x5555f8bd21f0_0, 0, 1;
    %split/vec4 1;
    %store/vec4 v0x5555f8bd20f0_0, 0, 1;
    %split/vec4 1;
    %store/vec4 v0x5555f8bd2020_0, 0, 1;
    %store/vec4 v0x5555f8bd1f60_0, 0, 1;
    %delay 10, 0;
    %vpi_call 2 51 "$display", "%b %b %b %b | %b", v0x5555f8bd1f60_0, v0x5555f8bd2020_0, v0x5555f8bd20f0_0, v0x5555f8bd21f0_0, v0x5555f8bd22c0_0 {0 0 0};
    %load/vec4 v0x5555f8b83870_0;
    %addi 1, 0, 32;
    %store/vec4 v0x5555f8b83870_0, 0, 32;
    %jmp T_0.0;
T_0.1 ;
    %end;
    .scope S_0x5555f8bbd840;
t_0 %join;
    %end;
    .thread T_0;
# The file index is used to find the file name in the following table.
:file_names 3;
    "N/A";
    "<interactive>";
    "circuit.v";
