#! /usr/bin/vvp
:ivl_version "11.0 (stable)";
:ivl_delay_selection "TYPICAL";
:vpi_time_precision + 0;
:vpi_module "/usr/lib/x86_64-linux-gnu/ivl/system.vpi";
:vpi_module "/usr/lib/x86_64-linux-gnu/ivl/vhdl_sys.vpi";
:vpi_module "/usr/lib/x86_64-linux-gnu/ivl/vhdl_textio.vpi";
:vpi_module "/usr/lib/x86_64-linux-gnu/ivl/v2005_math.vpi";
:vpi_module "/usr/lib/x86_64-linux-gnu/ivl/va_math.vpi";
S_0x5585e8ce4df0 .scope module, "counter" "counter" 2 1;
 .timescale 0 0;
v0x5585e8ce6830_0 .var "bit_COUNTER", 3 0;
S_0x5585e8ce4f80 .scope begin, "$ivl_for_loop0" "$ivl_for_loop0" 2 6, 2 6 0, S_0x5585e8ce4df0;
 .timescale 0 0;
v0x5585e8cf7f70_0 .var/i "i", 31 0;
    .scope S_0x5585e8ce4df0;
T_0 ;
    %pushi/vec4 0, 0, 4;
    %store/vec4 v0x5585e8ce6830_0, 0, 4;
    %fork t_1, S_0x5585e8ce4f80;
    %jmp t_0;
    .scope S_0x5585e8ce4f80;
t_1 ;
    %pushi/vec4 0, 0, 32;
    %store/vec4 v0x5585e8cf7f70_0, 0, 32;
T_0.0 ;
    %load/vec4 v0x5585e8cf7f70_0;
    %cmpi/s 16, 0, 32;
    %jmp/0xz T_0.1, 5;
    %vpi_call 2 7 "$display", "Counter = %d (%b) (%h)", v0x5585e8ce6830_0, v0x5585e8ce6830_0, v0x5585e8ce6830_0 {0 0 0};
    %load/vec4 v0x5585e8ce6830_0;
    %addi 1, 0, 4;
    %store/vec4 v0x5585e8ce6830_0, 0, 4;
    %load/vec4 v0x5585e8cf7f70_0;
    %addi 1, 0, 32;
    %store/vec4 v0x5585e8cf7f70_0, 0, 32;
    %jmp T_0.0;
T_0.1 ;
    %end;
    .scope S_0x5585e8ce4df0;
t_0 %join;
    %end;
    .thread T_0;
# The file index is used to find the file name in the following table.
:file_names 3;
    "N/A";
    "<interactive>";
    "counter.v";
