#! /usr/bin/vvp
:ivl_version "11.0 (stable)";
:ivl_delay_selection "TYPICAL";
:vpi_time_precision + 0;
:vpi_module "/usr/lib/x86_64-linux-gnu/ivl/system.vpi";
:vpi_module "/usr/lib/x86_64-linux-gnu/ivl/vhdl_sys.vpi";
:vpi_module "/usr/lib/x86_64-linux-gnu/ivl/vhdl_textio.vpi";
:vpi_module "/usr/lib/x86_64-linux-gnu/ivl/v2005_math.vpi";
:vpi_module "/usr/lib/x86_64-linux-gnu/ivl/va_math.vpi";
S_0x556d1ea249e0 .scope module, "flowcontrol_test" "flowcontrol_test" 2 33;
 .timescale 0 0;
v0x556d1ea39550_0 .var "A", 0 0;
v0x556d1ea39610_0 .var "B", 0 0;
v0x556d1ea396e0_0 .var "C", 0 0;
v0x556d1ea397e0_0 .var "D", 0 0;
v0x556d1ea398b0_0 .net "valve", 0 0, L_0x556d1ea39fc0;  1 drivers
S_0x556d1ea24b70 .scope begin, "$ivl_for_loop0" "$ivl_for_loop0" 2 50, 2 50 0, S_0x556d1ea249e0;
 .timescale 0 0;
v0x556d1e9ea870_0 .var/i "i", 31 0;
S_0x556d1ea38900 .scope module, "UUT" "flowcontrol" 2 43, 2 1 0, S_0x556d1ea249e0;
 .timescale 0 0;
    .port_info 0 /INPUT 1 "A";
    .port_info 1 /INPUT 1 "B";
    .port_info 2 /INPUT 1 "C";
    .port_info 3 /INPUT 1 "D";
    .port_info 4 /OUTPUT 1 "valve";
L_0x556d1ea39950 .functor NOT 1, v0x556d1ea39550_0, C4<0>, C4<0>, C4<0>;
L_0x556d1ea39a40 .functor AND 1, L_0x556d1ea39950, L_0x556d1ea39b00, C4<1>, C4<1>;
L_0x556d1ea39b00 .functor NOT 1, v0x556d1ea39610_0, C4<0>, C4<0>, C4<0>;
L_0x556d1ea39c10 .functor AND 1, L_0x556d1ea39950, L_0x556d1ea39cb0, C4<1>, C4<1>;
L_0x556d1ea39cb0 .functor NOT 1, v0x556d1ea396e0_0, C4<0>, C4<0>, C4<0>;
L_0x556d1ea39dc0 .functor AND 1, v0x556d1ea39610_0, v0x556d1ea397e0_0, L_0x556d1ea39cb0, C4<1>;
L_0x556d1ea39ec0 .functor AND 1, v0x556d1ea39550_0, v0x556d1ea39610_0, v0x556d1ea396e0_0, C4<1>;
L_0x556d1ea39fc0 .functor OR 1, L_0x556d1ea39a40, L_0x556d1ea39c10, L_0x556d1ea39dc0, L_0x556d1ea39ec0;
v0x556d1ea38b80_0 .net "A", 0 0, v0x556d1ea39550_0;  1 drivers
v0x556d1ea38c40_0 .net "B", 0 0, v0x556d1ea39610_0;  1 drivers
v0x556d1ea38d00_0 .net "C", 0 0, v0x556d1ea396e0_0;  1 drivers
v0x556d1ea38da0_0 .net "D", 0 0, v0x556d1ea397e0_0;  1 drivers
v0x556d1ea38e60_0 .net "valve", 0 0, L_0x556d1ea39fc0;  alias, 1 drivers
v0x556d1ea38f70_0 .net "w0", 0 0, L_0x556d1ea39950;  1 drivers
v0x556d1ea39030_0 .net "w1", 0 0, L_0x556d1ea39a40;  1 drivers
v0x556d1ea390f0_0 .net "w2", 0 0, L_0x556d1ea39b00;  1 drivers
v0x556d1ea391b0_0 .net "w3", 0 0, L_0x556d1ea39c10;  1 drivers
v0x556d1ea39270_0 .net "w4", 0 0, L_0x556d1ea39cb0;  1 drivers
v0x556d1ea39330_0 .net "w5", 0 0, L_0x556d1ea39dc0;  1 drivers
v0x556d1ea393f0_0 .net "w6", 0 0, L_0x556d1ea39ec0;  1 drivers
    .scope S_0x556d1ea249e0;
T_0 ;
    %vpi_call 2 47 "$display", "A B C D | Valve" {0 0 0};
    %vpi_call 2 48 "$display", "----------------" {0 0 0};
    %fork t_1, S_0x556d1ea24b70;
    %jmp t_0;
    .scope S_0x556d1ea24b70;
t_1 ;
    %pushi/vec4 0, 0, 32;
    %store/vec4 v0x556d1e9ea870_0, 0, 32;
T_0.0 ;
    %load/vec4 v0x556d1e9ea870_0;
    %cmpi/s 16, 0, 32;
    %jmp/0xz T_0.1, 5;
    %load/vec4 v0x556d1e9ea870_0;
    %parti/s 5, 0, 2;
    %pad/u 4;
    %split/vec4 1;
    %store/vec4 v0x556d1ea397e0_0, 0, 1;
    %split/vec4 1;
    %store/vec4 v0x556d1ea396e0_0, 0, 1;
    %split/vec4 1;
    %store/vec4 v0x556d1ea39610_0, 0, 1;
    %store/vec4 v0x556d1ea39550_0, 0, 1;
    %delay 10, 0;
    %vpi_call 2 54 "$display", "%b %b %b %b |   %b", v0x556d1ea39550_0, v0x556d1ea39610_0, v0x556d1ea396e0_0, v0x556d1ea397e0_0, v0x556d1ea398b0_0 {0 0 0};
    %load/vec4 v0x556d1e9ea870_0;
    %addi 1, 0, 32;
    %store/vec4 v0x556d1e9ea870_0, 0, 32;
    %jmp T_0.0;
T_0.1 ;
    %end;
    .scope S_0x556d1ea249e0;
t_0 %join;
    %end;
    .thread T_0;
# The file index is used to find the file name in the following table.
:file_names 3;
    "N/A";
    "<interactive>";
    "flowcontrol.v";
