#! /usr/bin/vvp
:ivl_version "11.0 (stable)";
:ivl_delay_selection "TYPICAL";
:vpi_time_precision + 0;
:vpi_module "/usr/lib/x86_64-linux-gnu/ivl/system.vpi";
:vpi_module "/usr/lib/x86_64-linux-gnu/ivl/vhdl_sys.vpi";
:vpi_module "/usr/lib/x86_64-linux-gnu/ivl/vhdl_textio.vpi";
:vpi_module "/usr/lib/x86_64-linux-gnu/ivl/v2005_math.vpi";
:vpi_module "/usr/lib/x86_64-linux-gnu/ivl/va_math.vpi";
S_0x564410ed1c70 .scope module, "circuit_test" "circuit_test" 2 28;
 .timescale 0 0;
v0x564410ee63c0_0 .var "A", 0 0;
v0x564410ee6480_0 .var "B", 0 0;
v0x564410ee6550_0 .var "C", 0 0;
v0x564410ee6650_0 .var "D", 0 0;
v0x564410ee6720_0 .var "E", 0 0;
v0x564410ee67c0_0 .net "F", 0 0, L_0x564410ee6ce0;  1 drivers
S_0x564410ed1e00 .scope begin, "$ivl_for_loop0" "$ivl_for_loop0" 2 46, 2 46 0, S_0x564410ed1c70;
 .timescale 0 0;
v0x564410ed1fe0_0 .var/i "i", 31 0;
S_0x564410ee58b0 .scope module, "UUT" "circuit" 2 39, 2 1 0, S_0x564410ed1c70;
 .timescale 0 0;
    .port_info 0 /INPUT 1 "A";
    .port_info 1 /INPUT 1 "B";
    .port_info 2 /INPUT 1 "C";
    .port_info 3 /INPUT 1 "D";
    .port_info 4 /INPUT 1 "E";
    .port_info 5 /OUTPUT 1 "F";
L_0x564410ee6890 .functor OR 1, v0x564410ee6550_0, v0x564410ee6650_0, C4<0>, C4<0>;
L_0x564410ee69d0 .functor AND 1, v0x564410ee63c0_0, L_0x564410ee6890, C4<1>, C4<1>;
L_0x564410ee6ae0 .functor NOT 1, L_0x564410ee69d0, C4<0>, C4<0>, C4<0>;
L_0x564410ee6ba0 .functor AND 1, v0x564410ee6480_0, v0x564410ee6720_0, C4<1>, C4<1>;
L_0x564410ee6ce0 .functor OR 1, L_0x564410ee6ae0, L_0x564410ee6ba0, C4<0>, C4<0>;
v0x564410ee5b50_0 .net "A", 0 0, v0x564410ee63c0_0;  1 drivers
v0x564410ee5c10_0 .net "B", 0 0, v0x564410ee6480_0;  1 drivers
v0x564410ee5cd0_0 .net "C", 0 0, v0x564410ee6550_0;  1 drivers
v0x564410ee5d70_0 .net "D", 0 0, v0x564410ee6650_0;  1 drivers
v0x564410ee5e30_0 .net "E", 0 0, v0x564410ee6720_0;  1 drivers
v0x564410ee5f40_0 .net "F", 0 0, L_0x564410ee6ce0;  alias, 1 drivers
v0x564410ee6000_0 .net "w0", 0 0, L_0x564410ee6890;  1 drivers
v0x564410ee60c0_0 .net "w1", 0 0, L_0x564410ee69d0;  1 drivers
v0x564410ee6180_0 .net "w2", 0 0, L_0x564410ee6ae0;  1 drivers
v0x564410ee6240_0 .net "w3", 0 0, L_0x564410ee6ba0;  1 drivers
    .scope S_0x564410ed1c70;
T_0 ;
    %vpi_call 2 43 "$display", "A B C D E | F" {0 0 0};
    %vpi_call 2 44 "$display", "-------------" {0 0 0};
    %fork t_1, S_0x564410ed1e00;
    %jmp t_0;
    .scope S_0x564410ed1e00;
t_1 ;
    %pushi/vec4 0, 0, 32;
    %store/vec4 v0x564410ed1fe0_0, 0, 32;
T_0.0 ;
    %load/vec4 v0x564410ed1fe0_0;
    %cmpi/s 32, 0, 32;
    %jmp/0xz T_0.1, 5;
    %load/vec4 v0x564410ed1fe0_0;
    %parti/s 5, 0, 2;
    %split/vec4 1;
    %store/vec4 v0x564410ee6720_0, 0, 1;
    %split/vec4 1;
    %store/vec4 v0x564410ee6650_0, 0, 1;
    %split/vec4 1;
    %store/vec4 v0x564410ee6550_0, 0, 1;
    %split/vec4 1;
    %store/vec4 v0x564410ee6480_0, 0, 1;
    %store/vec4 v0x564410ee63c0_0, 0, 1;
    %delay 10, 0;
    %vpi_call 2 50 "$display", "%b %b %b %b %b | %b", v0x564410ee63c0_0, v0x564410ee6480_0, v0x564410ee6550_0, v0x564410ee6650_0, v0x564410ee6720_0, v0x564410ee67c0_0 {0 0 0};
    %load/vec4 v0x564410ed1fe0_0;
    %addi 1, 0, 32;
    %store/vec4 v0x564410ed1fe0_0, 0, 32;
    %jmp T_0.0;
T_0.1 ;
    %end;
    .scope S_0x564410ed1c70;
t_0 %join;
    %end;
    .thread T_0;
# The file index is used to find the file name in the following table.
:file_names 3;
    "N/A";
    "<interactive>";
    "Hardware_Project_1.v";
