#! /usr/bin/vvp
:ivl_version "11.0 (stable)";
:ivl_delay_selection "TYPICAL";
:vpi_time_precision + 0;
:vpi_module "/usr/lib/x86_64-linux-gnu/ivl/system.vpi";
:vpi_module "/usr/lib/x86_64-linux-gnu/ivl/vhdl_sys.vpi";
:vpi_module "/usr/lib/x86_64-linux-gnu/ivl/vhdl_textio.vpi";
:vpi_module "/usr/lib/x86_64-linux-gnu/ivl/v2005_math.vpi";
:vpi_module "/usr/lib/x86_64-linux-gnu/ivl/va_math.vpi";
S_0x56097be0b510 .scope module, "top" "top" 2 1;
 .timescale 0 0;
v0x56097bde8830_0 .var "A", 3 0;
v0x56097bde9190_0 .var "B", 3 0;
v0x56097bde8f30_0 .var "COUNTER", 3 0;
v0x56097be31c20_0 .var "PRODUCT", 7 0;
S_0x56097bde6df0 .scope begin, "$ivl_for_loop0" "$ivl_for_loop0" 2 16, 2 16 0, S_0x56097be0b510;
 .timescale 0 0;
v0x56097bdf9f70_0 .var/i "i", 31 0;
    .scope S_0x56097be0b510;
T_0 ;
    %pushi/vec4 4, 0, 4;
    %store/vec4 v0x56097bde8830_0, 0, 4;
    %pushi/vec4 6, 0, 4;
    %store/vec4 v0x56097bde9190_0, 0, 4;
    %load/vec4 v0x56097bde8830_0;
    %load/vec4 v0x56097bde9190_0;
    %add;
    %vpi_call 2 10 "$display", "%b + %b = %b", v0x56097bde8830_0, v0x56097bde9190_0, S<0,vec4,u4> {1 0 0};
    %load/vec4 v0x56097bde9190_0;
    %load/vec4 v0x56097bde8830_0;
    %sub;
    %vpi_call 2 11 "$display", "%b - %b = %b", v0x56097bde8830_0, v0x56097bde9190_0, S<0,vec4,u4> {1 0 0};
    %load/vec4 v0x56097bde8830_0;
    %pad/u 8;
    %load/vec4 v0x56097bde9190_0;
    %pad/u 8;
    %mul;
    %store/vec4 v0x56097be31c20_0, 0, 8;
    %vpi_call 2 13 "$display", "%b * %b = %b", v0x56097bde8830_0, v0x56097bde9190_0, v0x56097be31c20_0 {0 0 0};
    %vpi_call 2 14 "$display", "%b is %h in hex", v0x56097be31c20_0, v0x56097be31c20_0 {0 0 0};
    %pushi/vec4 0, 0, 4;
    %store/vec4 v0x56097bde8f30_0, 0, 4;
    %fork t_1, S_0x56097bde6df0;
    %jmp t_0;
    .scope S_0x56097bde6df0;
t_1 ;
    %pushi/vec4 0, 0, 32;
    %store/vec4 v0x56097bdf9f70_0, 0, 32;
T_0.0 ;
    %load/vec4 v0x56097bdf9f70_0;
    %cmpi/s 16, 0, 32;
    %jmp/0xz T_0.1, 5;
    %vpi_call 2 17 "$display", "Counter = %d", v0x56097bde8f30_0 {0 0 0};
    %load/vec4 v0x56097bde8f30_0;
    %addi 1, 0, 4;
    %store/vec4 v0x56097bde8f30_0, 0, 4;
    %load/vec4 v0x56097bdf9f70_0;
    %addi 1, 0, 32;
    %store/vec4 v0x56097bdf9f70_0, 0, 32;
    %jmp T_0.0;
T_0.1 ;
    %end;
    .scope S_0x56097be0b510;
t_0 %join;
    %end;
    .thread T_0;
# The file index is used to find the file name in the following table.
:file_names 3;
    "N/A";
    "<interactive>";
    "Top.v";
